Traceback (most recent call last):
  File "/opt/hostedtoolcache/Python/3.9.15/x64/lib/python3.9/site-packages/jupyter_cache/executors/utils.py", line 58, in single_nb_execution
    executenb(
  File "/opt/hostedtoolcache/Python/3.9.15/x64/lib/python3.9/site-packages/nbclient/client.py", line 1204, in execute
    return NotebookClient(nb=nb, resources=resources, km=km, **kwargs).execute()
  File "/opt/hostedtoolcache/Python/3.9.15/x64/lib/python3.9/site-packages/nbclient/util.py", line 84, in wrapped
    return just_run(coro(*args, **kwargs))
  File "/opt/hostedtoolcache/Python/3.9.15/x64/lib/python3.9/site-packages/nbclient/util.py", line 62, in just_run
    return loop.run_until_complete(coro)
  File "/opt/hostedtoolcache/Python/3.9.15/x64/lib/python3.9/asyncio/base_events.py", line 647, in run_until_complete
    return future.result()
  File "/opt/hostedtoolcache/Python/3.9.15/x64/lib/python3.9/site-packages/nbclient/client.py", line 663, in async_execute
    await self.async_execute_cell(
  File "/opt/hostedtoolcache/Python/3.9.15/x64/lib/python3.9/site-packages/nbclient/client.py", line 965, in async_execute_cell
    await self._check_raise_for_error(cell, cell_index, exec_reply)
  File "/opt/hostedtoolcache/Python/3.9.15/x64/lib/python3.9/site-packages/nbclient/client.py", line 862, in _check_raise_for_error
    raise CellExecutionError.from_cell_and_msg(cell, exec_reply_content)
nbclient.exceptions.CellExecutionError: An error occurred while executing the following cell:
------------------
# Temporary workaround
job.interface = InterfaceFactory(interface_name='CrysFML')
------------------

[0;31m---------------------------------------------------------------------------[0m
[0;31mAttributeError[0m                            Traceback (most recent call last)
Cell [0;32mIn [18], line 2[0m
[1;32m      1[0m [38;5;66;03m# Temporary workaround[39;00m
[0;32m----> 2[0m job[38;5;241m.[39minterface [38;5;241m=[39m [43mInterfaceFactory[49m[43m([49m[43minterface_name[49m[38;5;241;43m=[39;49m[38;5;124;43m'[39;49m[38;5;124;43mCrysFML[39;49m[38;5;124;43m'[39;49m[43m)[49m

File [0;32m/opt/hostedtoolcache/Python/3.9.15/x64/lib/python3.9/site-packages/easyDiffractionLib/interface.py:12[0m, in [0;36mInterfaceFactory.__init__[0;34m(self, *args, **kwargs)[0m
[1;32m     11[0m [38;5;28;01mdef[39;00m [38;5;21m__init__[39m([38;5;28mself[39m, [38;5;241m*[39margs, [38;5;241m*[39m[38;5;241m*[39mkwargs):
[0;32m---> 12[0m     [38;5;28;43msuper[39;49m[43m([49m[43mInterfaceFactory[49m[43m,[49m[43m [49m[38;5;28;43mself[39;49m[43m)[49m[38;5;241;43m.[39;49m[38;5;21;43m__init__[39;49m[43m([49m[43mInterfaceTemplate[49m[38;5;241;43m.[39;49m[43m_interfaces[49m[43m,[49m[43m [49m[38;5;241;43m*[39;49m[43margs[49m[43m,[49m[43m [49m[38;5;241;43m*[39;49m[38;5;241;43m*[39;49m[43mkwargs[49m[43m)[49m

File [0;32m/opt/hostedtoolcache/Python/3.9.15/x64/lib/python3.9/site-packages/easyCore/Objects/Inferface.py:31[0m, in [0;36mInterfaceFactoryTemplate.__init__[0;34m(self, interface_list, *args, **kwargs)[0m
[1;32m     29[0m [38;5;28mself[39m[38;5;241m.[39m_current_interface: _C
[1;32m     30[0m [38;5;28mself[39m[38;5;241m.[39m__interface_obj: _M [38;5;241m=[39m [38;5;28;01mNone[39;00m
[0;32m---> 31[0m [38;5;28;43mself[39;49m[38;5;241;43m.[39;49m[43mcreate[49m[43m([49m[38;5;241;43m*[39;49m[43margs[49m[43m,[49m[43m [49m[38;5;241;43m*[39;49m[38;5;241;43m*[39;49m[43mkwargs[49m[43m)[49m

File [0;32m/opt/hostedtoolcache/Python/3.9.15/x64/lib/python3.9/site-packages/easyCore/Objects/Inferface.py:55[0m, in [0;36mInterfaceFactoryTemplate.create[0;34m(self, *args, **kwargs)[0m
[1;32m     53[0m [38;5;28;01mif[39;00m interface_name [38;5;129;01min[39;00m interfaces:
[1;32m     54[0m     [38;5;28mself[39m[38;5;241m.[39m_current_interface [38;5;241m=[39m [38;5;28mself[39m[38;5;241m.[39m_interfaces[interfaces[38;5;241m.[39mindex(interface_name)]
[0;32m---> 55[0m [38;5;28mself[39m[38;5;241m.[39m__interface_obj [38;5;241m=[39m [38;5;28;43mself[39;49m[38;5;241;43m.[39;49m[43m_current_interface[49m([38;5;241m*[39margs, [38;5;241m*[39m[38;5;241m*[39mkwargs)

[0;31mAttributeError[0m: 'InterfaceFactory' object has no attribute '_current_interface'
AttributeError: 'InterfaceFactory' object has no attribute '_current_interface'

