Traceback (most recent call last):
  File "/opt/hostedtoolcache/Python/3.9.16/x64/lib/python3.9/site-packages/jupyter_cache/executors/utils.py", line 51, in single_nb_execution
    executenb(
  File "/opt/hostedtoolcache/Python/3.9.16/x64/lib/python3.9/site-packages/nbclient/client.py", line 1204, in execute
    return NotebookClient(nb=nb, resources=resources, km=km, **kwargs).execute()
  File "/opt/hostedtoolcache/Python/3.9.16/x64/lib/python3.9/site-packages/nbclient/util.py", line 84, in wrapped
    return just_run(coro(*args, **kwargs))
  File "/opt/hostedtoolcache/Python/3.9.16/x64/lib/python3.9/site-packages/nbclient/util.py", line 62, in just_run
    return loop.run_until_complete(coro)
  File "/opt/hostedtoolcache/Python/3.9.16/x64/lib/python3.9/asyncio/base_events.py", line 647, in run_until_complete
    return future.result()
  File "/opt/hostedtoolcache/Python/3.9.16/x64/lib/python3.9/site-packages/nbclient/client.py", line 663, in async_execute
    await self.async_execute_cell(
  File "/opt/hostedtoolcache/Python/3.9.16/x64/lib/python3.9/site-packages/nbclient/client.py", line 965, in async_execute_cell
    await self._check_raise_for_error(cell, cell_index, exec_reply)
  File "/opt/hostedtoolcache/Python/3.9.16/x64/lib/python3.9/site-packages/nbclient/client.py", line 862, in _check_raise_for_error
    raise CellExecutionError.from_cell_and_msg(cell, exec_reply_content)
nbclient.exceptions.CellExecutionError: An error occurred while executing the following cell:
------------------
import numpy as np
import matplotlib.pyplot as plt
import seaborn as sns
sns.set_context('notebook')

# esyScience, diffraction
from easyDiffractionLib import Phases
from easyDiffractionLib.sample import Sample as Job
from easyDiffractionLib.interface import InterfaceFactory as Calculator
from easyDiffractionLib.elements.Experiments.Pattern import Pattern1D
from easyDiffractionLib.elements.Backgrounds.Point import PointBackground, BackgroundPoint
from easyDiffractionLib.Profiles.P1D import Instrument1DCWParameters as CWParams

from easyCore.Fitting.Fitting import Fitter
------------------

[0;31m---------------------------------------------------------------------------[0m
[0;31mModuleNotFoundError[0m                       Traceback (most recent call last)
Cell [0;32mIn[1], line 8[0m
[1;32m      6[0m [38;5;66;03m# esyScience, diffraction[39;00m
[1;32m      7[0m [38;5;28;01mfrom[39;00m [38;5;21;01measyDiffractionLib[39;00m [38;5;28;01mimport[39;00m Phases
[0;32m----> 8[0m [38;5;28;01mfrom[39;00m [38;5;21;01measyDiffractionLib[39;00m[38;5;21;01m.[39;00m[38;5;21;01msample[39;00m [38;5;28;01mimport[39;00m Sample [38;5;28;01mas[39;00m Job
[1;32m      9[0m [38;5;28;01mfrom[39;00m [38;5;21;01measyDiffractionLib[39;00m[38;5;21;01m.[39;00m[38;5;21;01minterface[39;00m [38;5;28;01mimport[39;00m InterfaceFactory [38;5;28;01mas[39;00m Calculator
[1;32m     10[0m [38;5;28;01mfrom[39;00m [38;5;21;01measyDiffractionLib[39;00m[38;5;21;01m.[39;00m[38;5;21;01melements[39;00m[38;5;21;01m.[39;00m[38;5;21;01mExperiments[39;00m[38;5;21;01m.[39;00m[38;5;21;01mPattern[39;00m [38;5;28;01mimport[39;00m Pattern1D

File [0;32m/opt/hostedtoolcache/Python/3.9.16/x64/lib/python3.9/site-packages/easyDiffractionLib/sample.py:16[0m
[1;32m     11[0m [38;5;28;01mfrom[39;00m [38;5;21;01measyDiffractionLib[39;00m [38;5;28;01mimport[39;00m Phase, Phases
[1;32m     12[0m [38;5;28;01mfrom[39;00m [38;5;21;01measyDiffractionLib[39;00m[38;5;21;01m.[39;00m[38;5;21;01mProfiles[39;00m[38;5;21;01m.[39;00m[38;5;21;01mP1D[39;00m [38;5;28;01mimport[39;00m (
[1;32m     13[0m     Instrument1DCWParameters,
[1;32m     14[0m     Instrument1DTOFParameters,
[1;32m     15[0m )
[0;32m---> 16[0m [38;5;28;01mfrom[39;00m [38;5;21;01measyDiffractionLib[39;00m[38;5;21;01m.[39;00m[38;5;21;01minterface[39;00m [38;5;28;01mimport[39;00m InterfaceFactory
[1;32m     17[0m [38;5;28;01mfrom[39;00m [38;5;21;01measyDiffractionLib[39;00m[38;5;21;01m.[39;00m[38;5;21;01mInterfaces[39;00m[38;5;21;01m.[39;00m[38;5;21;01mtypes[39;00m [38;5;28;01mimport[39;00m Powder, Neutron
[1;32m     18[0m [38;5;28;01mfrom[39;00m [38;5;21;01measyDiffractionLib[39;00m[38;5;21;01m.[39;00m[38;5;21;01mProfiles[39;00m[38;5;21;01m.[39;00m[38;5;21;01mP1D[39;00m [38;5;28;01mimport[39;00m Powder1DParameters [38;5;28;01mas[39;00m Pattern1D

File [0;32m/opt/hostedtoolcache/Python/3.9.16/x64/lib/python3.9/site-packages/easyDiffractionLib/interface.py:6[0m
[1;32m      2[0m __version__ [38;5;241m=[39m [38;5;124m"[39m[38;5;124m0.0.1[39m[38;5;124m"[39m
[1;32m      4[0m [38;5;28;01mfrom[39;00m [38;5;21;01mtyping[39;00m [38;5;28;01mimport[39;00m Callable, List
[0;32m----> 6[0m [38;5;28;01mfrom[39;00m [38;5;21;01measyDiffractionLib[39;00m[38;5;21;01m.[39;00m[38;5;21;01mInterfaces[39;00m [38;5;28;01mimport[39;00m InterfaceTemplate
[1;32m      7[0m [38;5;28;01mfrom[39;00m [38;5;21;01measyCore[39;00m[38;5;21;01m.[39;00m[38;5;21;01mObjects[39;00m[38;5;21;01m.[39;00m[38;5;21;01mInferface[39;00m [38;5;28;01mimport[39;00m InterfaceFactoryTemplate
[1;32m     10[0m [38;5;28;01mclass[39;00m [38;5;21;01mInterfaceFactory[39;00m(InterfaceFactoryTemplate):

File [0;32m/opt/hostedtoolcache/Python/3.9.16/x64/lib/python3.9/site-packages/easyDiffractionLib/Interfaces/__init__.py:35[0m
[1;32m     30[0m [38;5;28;01mexcept[39;00m [38;5;167;01mImportError[39;00m:
[1;32m     31[0m     [38;5;66;03m# TODO make this a proper message (use logging?)[39;00m
[1;32m     32[0m     [38;5;28mprint[39m([38;5;124m'[39m[38;5;124mWarning: GSAS-2 is not installed[39m[38;5;124m'[39m)
[0;32m---> 35[0m [38;5;28;01mfrom[39;00m [38;5;21;01measyDiffractionLib[39;00m[38;5;21;01m.[39;00m[38;5;21;01mInterfaces[39;00m[38;5;21;01m.[39;00m[38;5;21;01minterfaceTemplate[39;00m [38;5;28;01mimport[39;00m InterfaceTemplate

File [0;32m/opt/hostedtoolcache/Python/3.9.16/x64/lib/python3.9/site-packages/easyDiffractionLib/Interfaces/interfaceTemplate.py:7[0m
[1;32m      5[0m [38;5;28;01mfrom[39;00m [38;5;21;01mtyping[39;00m [38;5;28;01mimport[39;00m Tuple, List
[1;32m      6[0m [38;5;28;01mfrom[39;00m [38;5;21;01measyCore[39;00m [38;5;28;01mimport[39;00m np, borg
[0;32m----> 7[0m [38;5;28;01mfrom[39;00m [38;5;21;01measyCore[39;00m[38;5;21;01m.[39;00m[38;5;21;01mUtils[39;00m[38;5;21;01m.[39;00m[38;5;21;01mjson[39;00m [38;5;28;01mimport[39;00m MSONable
[1;32m      9[0m exp_type_strings [38;5;241m=[39m {
[1;32m     10[0m     [38;5;124m'[39m[38;5;124mradiation_options[39m[38;5;124m'[39m:   [[38;5;124m'[39m[38;5;124mN[39m[38;5;124m'[39m, [38;5;124m'[39m[38;5;124mX[39m[38;5;124m'[39m],
[1;32m     11[0m     [38;5;124m'[39m[38;5;124mexp_type_options[39m[38;5;124m'[39m:    [[38;5;124m'[39m[38;5;124mCW[39m[38;5;124m'[39m, [38;5;124m'[39m[38;5;124mTOF[39m[38;5;124m'[39m],
[0;32m   (...)[0m
[1;32m     14[0m     [38;5;124m'[39m[38;5;124mpolarization_options[39m[38;5;124m'[39m: [[38;5;124m'[39m[38;5;124munp[39m[38;5;124m'[39m, [38;5;124m'[39m[38;5;124mpol[39m[38;5;124m'[39m]
[1;32m     15[0m }
[1;32m     18[0m [38;5;28;01mclass[39;00m [38;5;21;01mInterfaceTemplate[39;00m(MSONable, metaclass[38;5;241m=[39mABCMeta):

[0;31mModuleNotFoundError[0m: No module named 'easyCore.Utils.json'
ModuleNotFoundError: No module named 'easyCore.Utils.json'

