Traceback (most recent call last):
  File "/opt/hostedtoolcache/Python/3.9.16/x64/lib/python3.9/site-packages/jupyter_cache/executors/utils.py", line 51, in single_nb_execution
    executenb(
  File "/opt/hostedtoolcache/Python/3.9.16/x64/lib/python3.9/site-packages/nbclient/client.py", line 1204, in execute
    return NotebookClient(nb=nb, resources=resources, km=km, **kwargs).execute()
  File "/opt/hostedtoolcache/Python/3.9.16/x64/lib/python3.9/site-packages/nbclient/util.py", line 84, in wrapped
    return just_run(coro(*args, **kwargs))
  File "/opt/hostedtoolcache/Python/3.9.16/x64/lib/python3.9/site-packages/nbclient/util.py", line 62, in just_run
    return loop.run_until_complete(coro)
  File "/opt/hostedtoolcache/Python/3.9.16/x64/lib/python3.9/asyncio/base_events.py", line 647, in run_until_complete
    return future.result()
  File "/opt/hostedtoolcache/Python/3.9.16/x64/lib/python3.9/site-packages/nbclient/client.py", line 663, in async_execute
    await self.async_execute_cell(
  File "/opt/hostedtoolcache/Python/3.9.16/x64/lib/python3.9/site-packages/nbclient/client.py", line 965, in async_execute_cell
    await self._check_raise_for_error(cell, cell_index, exec_reply)
  File "/opt/hostedtoolcache/Python/3.9.16/x64/lib/python3.9/site-packages/nbclient/client.py", line 862, in _check_raise_for_error
    raise CellExecutionError.from_cell_and_msg(cell, exec_reply_content)
nbclient.exceptions.CellExecutionError: An error occurred while executing the following cell:
------------------
# EasyScience, technique-independent
from easyCore import np
from easyCore.Fitting.Fitting import Fitter

# EasyScience, diffraction
from easyDiffractionLib import Site, Phase, Phases
from easyDiffractionLib.Jobs import Powder1DCW

# Vizualization
import py3Dmol
from bokeh.io import show, output_notebook
from bokeh.plotting import figure

# Misc
import xarray as xr
------------------

[0;31m---------------------------------------------------------------------------[0m
[0;31mModuleNotFoundError[0m                       Traceback (most recent call last)
Cell [0;32mIn[1], line 7[0m
[1;32m      5[0m [38;5;66;03m# EasyScience, diffraction[39;00m
[1;32m      6[0m [38;5;28;01mfrom[39;00m [38;5;21;01measyDiffractionLib[39;00m [38;5;28;01mimport[39;00m Site, Phase, Phases
[0;32m----> 7[0m [38;5;28;01mfrom[39;00m [38;5;21;01measyDiffractionLib[39;00m[38;5;21;01m.[39;00m[38;5;21;01mJobs[39;00m [38;5;28;01mimport[39;00m Powder1DCW
[1;32m      9[0m [38;5;66;03m# Vizualization[39;00m
[1;32m     10[0m [38;5;28;01mimport[39;00m [38;5;21;01mpy3Dmol[39;00m

File [0;32m/opt/hostedtoolcache/Python/3.9.16/x64/lib/python3.9/site-packages/easyDiffractionLib/Jobs.py:6[0m
[1;32m      4[0m [38;5;28;01mfrom[39;00m [38;5;21;01measyCore[39;00m[38;5;21;01m.[39;00m[38;5;21;01mDatasets[39;00m[38;5;21;01m.[39;00m[38;5;21;01mxarray[39;00m [38;5;28;01mimport[39;00m xr, np
[1;32m      5[0m [38;5;28;01mfrom[39;00m [38;5;21;01measyDiffractionLib[39;00m[38;5;21;01m.[39;00m[38;5;21;01mProfiles[39;00m[38;5;21;01m.[39;00m[38;5;21;01mcommon[39;00m [38;5;28;01mimport[39;00m _PowderBase
[0;32m----> 6[0m [38;5;28;01mfrom[39;00m [38;5;21;01measyDiffractionLib[39;00m[38;5;21;01m.[39;00m[38;5;21;01minterface[39;00m [38;5;28;01mimport[39;00m InterfaceFactory
[1;32m      7[0m [38;5;28;01mfrom[39;00m [38;5;21;01measyCore[39;00m[38;5;21;01m.[39;00m[38;5;21;01mFitting[39;00m[38;5;21;01m.[39;00m[38;5;21;01mFitting[39;00m [38;5;28;01mimport[39;00m Fitter
[1;32m      9[0m [38;5;28;01mtry[39;00m:

File [0;32m/opt/hostedtoolcache/Python/3.9.16/x64/lib/python3.9/site-packages/easyDiffractionLib/interface.py:6[0m
[1;32m      2[0m __version__ [38;5;241m=[39m [38;5;124m"[39m[38;5;124m0.0.1[39m[38;5;124m"[39m
[1;32m      4[0m [38;5;28;01mfrom[39;00m [38;5;21;01mtyping[39;00m [38;5;28;01mimport[39;00m Callable, List
[0;32m----> 6[0m [38;5;28;01mfrom[39;00m [38;5;21;01measyDiffractionLib[39;00m[38;5;21;01m.[39;00m[38;5;21;01mInterfaces[39;00m [38;5;28;01mimport[39;00m InterfaceTemplate
[1;32m      7[0m [38;5;28;01mfrom[39;00m [38;5;21;01measyCore[39;00m[38;5;21;01m.[39;00m[38;5;21;01mObjects[39;00m[38;5;21;01m.[39;00m[38;5;21;01mInferface[39;00m [38;5;28;01mimport[39;00m InterfaceFactoryTemplate
[1;32m     10[0m [38;5;28;01mclass[39;00m [38;5;21;01mInterfaceFactory[39;00m(InterfaceFactoryTemplate):

File [0;32m/opt/hostedtoolcache/Python/3.9.16/x64/lib/python3.9/site-packages/easyDiffractionLib/Interfaces/__init__.py:35[0m
[1;32m     30[0m [38;5;28;01mexcept[39;00m [38;5;167;01mImportError[39;00m:
[1;32m     31[0m     [38;5;66;03m# TODO make this a proper message (use logging?)[39;00m
[1;32m     32[0m     [38;5;28mprint[39m([38;5;124m'[39m[38;5;124mWarning: GSAS-2 is not installed[39m[38;5;124m'[39m)
[0;32m---> 35[0m [38;5;28;01mfrom[39;00m [38;5;21;01measyDiffractionLib[39;00m[38;5;21;01m.[39;00m[38;5;21;01mInterfaces[39;00m[38;5;21;01m.[39;00m[38;5;21;01minterfaceTemplate[39;00m [38;5;28;01mimport[39;00m InterfaceTemplate

File [0;32m/opt/hostedtoolcache/Python/3.9.16/x64/lib/python3.9/site-packages/easyDiffractionLib/Interfaces/interfaceTemplate.py:7[0m
[1;32m      5[0m [38;5;28;01mfrom[39;00m [38;5;21;01mtyping[39;00m [38;5;28;01mimport[39;00m Tuple, List
[1;32m      6[0m [38;5;28;01mfrom[39;00m [38;5;21;01measyCore[39;00m [38;5;28;01mimport[39;00m np, borg
[0;32m----> 7[0m [38;5;28;01mfrom[39;00m [38;5;21;01measyCore[39;00m[38;5;21;01m.[39;00m[38;5;21;01mUtils[39;00m[38;5;21;01m.[39;00m[38;5;21;01mjson[39;00m [38;5;28;01mimport[39;00m MSONable
[1;32m      9[0m exp_type_strings [38;5;241m=[39m {
[1;32m     10[0m     [38;5;124m'[39m[38;5;124mradiation_options[39m[38;5;124m'[39m:   [[38;5;124m'[39m[38;5;124mN[39m[38;5;124m'[39m, [38;5;124m'[39m[38;5;124mX[39m[38;5;124m'[39m],
[1;32m     11[0m     [38;5;124m'[39m[38;5;124mexp_type_options[39m[38;5;124m'[39m:    [[38;5;124m'[39m[38;5;124mCW[39m[38;5;124m'[39m, [38;5;124m'[39m[38;5;124mTOF[39m[38;5;124m'[39m],
[0;32m   (...)[0m
[1;32m     14[0m     [38;5;124m'[39m[38;5;124mpolarization_options[39m[38;5;124m'[39m: [[38;5;124m'[39m[38;5;124munp[39m[38;5;124m'[39m, [38;5;124m'[39m[38;5;124mpol[39m[38;5;124m'[39m]
[1;32m     15[0m }
[1;32m     18[0m [38;5;28;01mclass[39;00m [38;5;21;01mInterfaceTemplate[39;00m(MSONable, metaclass[38;5;241m=[39mABCMeta):

[0;31mModuleNotFoundError[0m: No module named 'easyCore.Utils.json'
ModuleNotFoundError: No module named 'easyCore.Utils.json'

